<?xml version="1.0" encoding="UTF-8"?>
<testsuite xmlns:xsi="http://www.w3.org/2001/XMLSchema-instance" xsi:noNamespaceSchemaLocation="https://maven.apache.org/surefire/maven-surefire-plugin/xsd/surefire-test-report-3.0.xsd" version="3.0" name="game.GameControllerTest" time="0.014" tests="7" errors="7" skipped="0" failures="0">
  <properties>
    <property name="java.specification.version" value="22"/>
    <property name="sun.jnu.encoding" value="UTF-8"/>
    <property name="java.class.path" value="/Users/adityabanerjee/Downloads/bohnanza-main 2/bohnanza/target/test-classes:/Users/adityabanerjee/Downloads/bohnanza-main 2/bohnanza/target/classes:/Users/adityabanerjee/.m2/repository/io/bibucket/plt/bohnanza-gui/0.0.1-SNAPSHOT/bohnanza-gui-0.0.1-SNAPSHOT.jar:/Users/adityabanerjee/.m2/repository/org/apache/logging/log4j/log4j-api/3.0.0-beta2/log4j-api-3.0.0-beta2.jar:/Users/adityabanerjee/.m2/repository/org/apache/logging/log4j/log4j-core/3.0.0-beta2/log4j-core-3.0.0-beta2.jar:/Users/adityabanerjee/.m2/repository/org/apache/logging/log4j/log4j-plugins/3.0.0-beta2/log4j-plugins-3.0.0-beta2.jar:/Users/adityabanerjee/.m2/repository/org/eclipse/platform/org.eclipse.swt/3.125.0/org.eclipse.swt-3.125.0.jar:/Users/adityabanerjee/.m2/repository/org/eclipse/platform/org.eclipse.jface/3.33.0/org.eclipse.jface-3.33.0.jar:/Users/adityabanerjee/.m2/repository/org/eclipse/platform/org.eclipse.core.commands/3.12.0/org.eclipse.core.commands-3.12.0.jar:/Users/adityabanerjee/.m2/repository/org/eclipse/platform/org.eclipse.equinox.common/3.19.0/org.eclipse.equinox.common-3.19.0.jar:/Users/adityabanerjee/.m2/repository/org/eclipse/platform/org.eclipse.osgi/3.19.0/org.eclipse.osgi-3.19.0.jar:/Users/adityabanerjee/.m2/repository/org/apache/commons/commons-lang3/3.14.0/commons-lang3-3.14.0.jar:/Users/adityabanerjee/.m2/repository/org/eclipse/platform/org.eclipse.swt.cocoa.macosx.aarch64/3.125.0/org.eclipse.swt.cocoa.macosx.aarch64-3.125.0.jar:/Users/adityabanerjee/.m2/repository/org/junit/jupiter/junit-jupiter-engine/5.10.2/junit-jupiter-engine-5.10.2.jar:/Users/adityabanerjee/.m2/repository/org/junit/platform/junit-platform-engine/1.10.2/junit-platform-engine-1.10.2.jar:/Users/adityabanerjee/.m2/repository/org/opentest4j/opentest4j/1.3.0/opentest4j-1.3.0.jar:/Users/adityabanerjee/.m2/repository/org/junit/platform/junit-platform-commons/1.10.2/junit-platform-commons-1.10.2.jar:/Users/adityabanerjee/.m2/repository/org/junit/jupiter/junit-jupiter-api/5.10.2/junit-jupiter-api-5.10.2.jar:/Users/adityabanerjee/.m2/repository/org/apiguardian/apiguardian-api/1.1.2/apiguardian-api-1.1.2.jar:/Users/adityabanerjee/.m2/repository/org/mockito/mockito-core/5.11.0/mockito-core-5.11.0.jar:/Users/adityabanerjee/.m2/repository/net/bytebuddy/byte-buddy/1.14.12/byte-buddy-1.14.12.jar:/Users/adityabanerjee/.m2/repository/net/bytebuddy/byte-buddy-agent/1.14.12/byte-buddy-agent-1.14.12.jar:/Users/adityabanerjee/.m2/repository/org/objenesis/objenesis/3.3/objenesis-3.3.jar:/Users/adityabanerjee/.m2/repository/org/mockito/mockito-junit-jupiter/5.11.0/mockito-junit-jupiter-5.11.0.jar:"/>
    <property name="java.vm.vendor" value="Homebrew"/>
    <property name="sun.arch.data.model" value="64"/>
    <property name="java.vendor.url" value="https://github.com/Homebrew/homebrew-core/issues"/>
    <property name="user.timezone" value="Europe/Berlin"/>
    <property name="os.name" value="Mac OS X"/>
    <property name="java.vm.specification.version" value="22"/>
    <property name="sun.java.launcher" value="SUN_STANDARD"/>
    <property name="user.country" value="DE"/>
    <property name="sun.boot.library.path" value="/opt/homebrew/Cellar/openjdk/22.0.1/libexec/openjdk.jdk/Contents/Home/lib"/>
    <property name="sun.java.command" value="/Users/adityabanerjee/Downloads/bohnanza-main 2/bohnanza/target/surefire/surefirebooter13475981668126226291.jar /Users/adityabanerjee/Downloads/bohnanza-main 2/bohnanza/target/surefire 2024-07-07T21-00-11_911-jvmRun1 surefire6601779895168832469tmp surefire_011793866829497320846tmp"/>
    <property name="jdk.debug" value="release"/>
    <property name="surefire.test.class.path" value="/Users/adityabanerjee/Downloads/bohnanza-main 2/bohnanza/target/test-classes:/Users/adityabanerjee/Downloads/bohnanza-main 2/bohnanza/target/classes:/Users/adityabanerjee/.m2/repository/io/bibucket/plt/bohnanza-gui/0.0.1-SNAPSHOT/bohnanza-gui-0.0.1-SNAPSHOT.jar:/Users/adityabanerjee/.m2/repository/org/apache/logging/log4j/log4j-api/3.0.0-beta2/log4j-api-3.0.0-beta2.jar:/Users/adityabanerjee/.m2/repository/org/apache/logging/log4j/log4j-core/3.0.0-beta2/log4j-core-3.0.0-beta2.jar:/Users/adityabanerjee/.m2/repository/org/apache/logging/log4j/log4j-plugins/3.0.0-beta2/log4j-plugins-3.0.0-beta2.jar:/Users/adityabanerjee/.m2/repository/org/eclipse/platform/org.eclipse.swt/3.125.0/org.eclipse.swt-3.125.0.jar:/Users/adityabanerjee/.m2/repository/org/eclipse/platform/org.eclipse.jface/3.33.0/org.eclipse.jface-3.33.0.jar:/Users/adityabanerjee/.m2/repository/org/eclipse/platform/org.eclipse.core.commands/3.12.0/org.eclipse.core.commands-3.12.0.jar:/Users/adityabanerjee/.m2/repository/org/eclipse/platform/org.eclipse.equinox.common/3.19.0/org.eclipse.equinox.common-3.19.0.jar:/Users/adityabanerjee/.m2/repository/org/eclipse/platform/org.eclipse.osgi/3.19.0/org.eclipse.osgi-3.19.0.jar:/Users/adityabanerjee/.m2/repository/org/apache/commons/commons-lang3/3.14.0/commons-lang3-3.14.0.jar:/Users/adityabanerjee/.m2/repository/org/eclipse/platform/org.eclipse.swt.cocoa.macosx.aarch64/3.125.0/org.eclipse.swt.cocoa.macosx.aarch64-3.125.0.jar:/Users/adityabanerjee/.m2/repository/org/junit/jupiter/junit-jupiter-engine/5.10.2/junit-jupiter-engine-5.10.2.jar:/Users/adityabanerjee/.m2/repository/org/junit/platform/junit-platform-engine/1.10.2/junit-platform-engine-1.10.2.jar:/Users/adityabanerjee/.m2/repository/org/opentest4j/opentest4j/1.3.0/opentest4j-1.3.0.jar:/Users/adityabanerjee/.m2/repository/org/junit/platform/junit-platform-commons/1.10.2/junit-platform-commons-1.10.2.jar:/Users/adityabanerjee/.m2/repository/org/junit/jupiter/junit-jupiter-api/5.10.2/junit-jupiter-api-5.10.2.jar:/Users/adityabanerjee/.m2/repository/org/apiguardian/apiguardian-api/1.1.2/apiguardian-api-1.1.2.jar:/Users/adityabanerjee/.m2/repository/org/mockito/mockito-core/5.11.0/mockito-core-5.11.0.jar:/Users/adityabanerjee/.m2/repository/net/bytebuddy/byte-buddy/1.14.12/byte-buddy-1.14.12.jar:/Users/adityabanerjee/.m2/repository/net/bytebuddy/byte-buddy-agent/1.14.12/byte-buddy-agent-1.14.12.jar:/Users/adityabanerjee/.m2/repository/org/objenesis/objenesis/3.3/objenesis-3.3.jar:/Users/adityabanerjee/.m2/repository/org/mockito/mockito-junit-jupiter/5.11.0/mockito-junit-jupiter-5.11.0.jar:"/>
    <property name="sun.cpu.endian" value="little"/>
    <property name="user.home" value="/Users/adityabanerjee"/>
    <property name="user.language" value="en"/>
    <property name="java.specification.vendor" value="Oracle Corporation"/>
    <property name="java.version.date" value="2024-04-16"/>
    <property name="java.home" value="/opt/homebrew/Cellar/openjdk/22.0.1/libexec/openjdk.jdk/Contents/Home"/>
    <property name="file.separator" value="/"/>
    <property name="basedir" value="/Users/adityabanerjee/Downloads/bohnanza-main 2/bohnanza"/>
    <property name="java.vm.compressedOopsMode" value="Zero based"/>
    <property name="line.separator" value="&#10;"/>
    <property name="java.vm.specification.vendor" value="Oracle Corporation"/>
    <property name="java.specification.name" value="Java Platform API Specification"/>
    <property name="apple.awt.application.name" value="ForkedBooter"/>
    <property name="surefire.real.class.path" value="/Users/adityabanerjee/Downloads/bohnanza-main 2/bohnanza/target/surefire/surefirebooter13475981668126226291.jar"/>
    <property name="sun.management.compiler" value="HotSpot 64-Bit Tiered Compilers"/>
    <property name="java.runtime.version" value="22.0.1"/>
    <property name="user.name" value="adityabanerjee"/>
    <property name="stdout.encoding" value="US-ASCII"/>
    <property name="path.separator" value=":"/>
    <property name="os.version" value="14.1"/>
    <property name="java.runtime.name" value="OpenJDK Runtime Environment"/>
    <property name="file.encoding" value="UTF-8"/>
    <property name="java.vm.name" value="OpenJDK 64-Bit Server VM"/>
    <property name="java.vendor.version" value="Homebrew"/>
    <property name="localRepository" value="/Users/adityabanerjee/.m2/repository"/>
    <property name="java.vendor.url.bug" value="https://github.com/Homebrew/homebrew-core/issues"/>
    <property name="java.io.tmpdir" value="/var/folders/nv/l40s48n92ws8j9zgns4zzkgw0000gn/T/"/>
    <property name="java.version" value="22.0.1"/>
    <property name="user.dir" value="/Users/adityabanerjee/Downloads/bohnanza-main 2/bohnanza"/>
    <property name="os.arch" value="aarch64"/>
    <property name="java.vm.specification.name" value="Java Virtual Machine Specification"/>
    <property name="native.encoding" value="US-ASCII"/>
    <property name="java.library.path" value="/Users/adityabanerjee/Library/Java/Extensions:/Library/Java/Extensions:/Network/Library/Java/Extensions:/System/Library/Java/Extensions:/usr/lib/java:."/>
    <property name="java.vm.info" value="mixed mode, sharing"/>
    <property name="stderr.encoding" value="US-ASCII"/>
    <property name="java.vendor" value="Homebrew"/>
    <property name="java.vm.version" value="22.0.1"/>
    <property name="sun.io.unicode.encoding" value="UnicodeBig"/>
    <property name="java.class.version" value="66.0"/>
  </properties>
  <testcase name="testUserUpdateHandCard" classname="game.GameControllerTest" time="0.002">
    <error type="java.lang.NullPointerException"><![CDATA[java.lang.NullPointerException: Cannot invoke "game.Deck.setDeckView(view.DeckView)" because the return value of "game.Game.getDeck()" is null
	at game.GameControllerTest.setUp(GameControllerTest.java:27)
]]></error>
  </testcase>
  <testcase name="testUserClickStart" classname="game.GameControllerTest" time="0.001">
    <error type="java.lang.NullPointerException"><![CDATA[java.lang.NullPointerException: Cannot invoke "game.Deck.setDeckView(view.DeckView)" because the return value of "game.Game.getDeck()" is null
	at game.GameControllerTest.setUp(GameControllerTest.java:27)
]]></error>
  </testcase>
  <testcase name="testStart" classname="game.GameControllerTest" time="0.002">
    <error type="java.lang.NullPointerException"><![CDATA[java.lang.NullPointerException: Cannot invoke "game.Deck.setDeckView(view.DeckView)" because the return value of "game.Game.getDeck()" is null
	at game.GameControllerTest.setUp(GameControllerTest.java:27)
]]></error>
  </testcase>
  <testcase name="testUpdatePlayerInfo" classname="game.GameControllerTest" time="0.001">
    <error type="java.lang.NullPointerException"><![CDATA[java.lang.NullPointerException: Cannot invoke "game.Deck.setDeckView(view.DeckView)" because the return value of "game.Game.getDeck()" is null
	at game.GameControllerTest.setUp(GameControllerTest.java:27)
]]></error>
  </testcase>
  <testcase name="testUserActionCompleted" classname="game.GameControllerTest" time="0.001">
    <error type="java.lang.NullPointerException"><![CDATA[java.lang.NullPointerException: Cannot invoke "game.Deck.setDeckView(view.DeckView)" because the return value of "game.Game.getDeck()" is null
	at game.GameControllerTest.setUp(GameControllerTest.java:27)
]]></error>
  </testcase>
  <testcase name="testStartLessThanThree" classname="game.GameControllerTest" time="0.001">
    <error type="java.lang.NullPointerException"><![CDATA[java.lang.NullPointerException: Cannot invoke "game.Deck.setDeckView(view.DeckView)" because the return value of "game.Game.getDeck()" is null
	at game.GameControllerTest.setUp(GameControllerTest.java:27)
]]></error>
  </testcase>
  <testcase name="testUpdateGameInfo" classname="game.GameControllerTest" time="0.001">
    <error type="java.lang.NullPointerException"><![CDATA[java.lang.NullPointerException: Cannot invoke "game.Deck.setDeckView(view.DeckView)" because the return value of "game.Game.getDeck()" is null
	at game.GameControllerTest.setUp(GameControllerTest.java:27)
]]></error>
  </testcase>
</testsuite>